<?xml version="1.0" encoding="UTF-8"?>
<!-- Generated by org.testng.reporters.JUnitReportReporter -->
<testsuite hostname="DESKTOP-KMNS09Q" failures="0" tests="1" name="executionEngine.ExecutionEngine" time="295.881" errors="0" timestamp="2023-06-13T22:09:24 ICT" skipped="0">
  <testcase classname="executionEngine.ExecutionEngine" name="Apply_Course" time="295.881"/>
  <system-out>
    <![CDATA[Driver for Screenshot: ChromeDriver: chrome on WINDOWS (4cdadc034128a391990b189829a2e649)
Screenshot taken current URL: https://www.simplilearn.com/secure/checkout/details?authtoken=d96d52472460d14add40115904a5ed5ea3df5c6bb13908e1e09e382c2d7fdaab
Driver for Screenshot: ChromeDriver: chrome on WINDOWS (7f8d5d6443f55f9f13bf3ae547cb4493)
Screenshot taken current URL: https://www.simplilearn.com/secure/checkout/details?authtoken=ddd873ac956e64aeb3aa6b90b99e3034f6ec573c6c4df4f40857222d041e4060]]>
  </system-out>
</testsuite> <!-- executionEngine.ExecutionEngine -->
