<?xml version="1.0" encoding="UTF-8"?>
<!-- Generated by org.testng.reporters.JUnitReportReporter -->
<testsuite hostname="DESKTOP-KMNS09Q" failures="0" tests="1" name="testcase.CartTest" time="10.473" errors="0" timestamp="2022-12-20T21:08:00 ICT" skipped="0">
  <testcase classname="testcase.CartTest" name="TC_AddtoCart_OutOfStock" time="10.473"/>
  <system-out/>
</testsuite> <!-- testcase.CartTest -->
