<?xml version="1.0" encoding="UTF-8"?>
<!-- Generated by org.testng.reporters.JUnitReportReporter -->
<testsuite hostname="DESKTOP-KMNS09Q" failures="0" tests="2" name="testcase.loginTest" time="13.559" errors="0" timestamp="2022-12-14T09:47:30 ICT" skipped="0">
  <testcase classname="testcase.loginTest" name="OpenLoginPage" time="4.680"/>
  <system-out/>
  <testcase classname="testcase.loginTest" name="TC1" time="8.879"/>
  <system-out/>
</testsuite> <!-- testcase.loginTest -->
