<?xml version="1.0" encoding="UTF-8"?>
<!-- Generated by org.testng.reporters.JUnitReportReporter -->
<testsuite hostname="DESKTOP-KMNS09Q" failures="0" tests="1" name="executionEngine.TestScript_Register" time="20.553" errors="0" timestamp="2023-01-10T10:09:38 ICT" skipped="0">
  <testcase classname="executionEngine.TestScript_Register" name="excute_TestCase" time="20.553"/>
  <system-out/>
</testsuite> <!-- executionEngine.TestScript_Register -->
