<?xml version="1.0" encoding="UTF-8"?>
<!-- Generated by org.testng.reporters.JUnitReportReporter -->
<testsuite hostname="DESKTOP-KMNS09Q" failures="0" tests="1" name="executionEngine.TestScript_cart" time="28.479" errors="0" timestamp="2023-01-10T13:10:34 ICT" skipped="0">
  <testcase classname="executionEngine.TestScript_cart" name="excute_TestCase" time="28.479"/>
  <system-out>
    <![CDATA[Driver for Screenshot: ChromeDriver: chrome on WINDOWS (0d4d17adeac4d483d0d281283810a212)
Screenshot taken current URL: https://www.cqmart.vn/]]>
  </system-out>
</testsuite> <!-- executionEngine.TestScript_cart -->
