<?xml version="1.0" encoding="UTF-8"?>
<!-- Generated by org.testng.reporters.JUnitReportReporter -->
<testsuite hostname="DESKTOP-KMNS09Q" failures="0" tests="1" name="executionEngine.TestScript_HybridWithData_Constant" time="55.563" errors="0" timestamp="2023-01-04T22:21:30 ICT" skipped="0">
  <testcase classname="executionEngine.TestScript_HybridWithData_Constant" name="excute_TestCase" time="55.563"/>
  <system-out/>
</testsuite> <!-- executionEngine.TestScript_HybridWithData_Constant -->
