<?xml version="1.0" encoding="UTF-8"?>
<!-- Generated by org.testng.reporters.JUnitReportReporter -->
<testsuite hostname="DESKTOP-KMNS09Q" failures="0" tests="2" name="testcase.RegisterTest" time="10.407" errors="0" timestamp="2022-12-17T12:03:13 ICT" skipped="0">
  <testcase classname="testcase.RegisterTest" name="OpenLoginPage" time="3.153"/>
  <system-out/>
  <testcase classname="testcase.RegisterTest" name="TC_register_data" time="7.254"/>
  <system-out/>
</testsuite> <!-- testcase.RegisterTest -->
