<?xml version="1.0" encoding="UTF-8"?>
<!-- Generated by org.testng.reporters.JUnitReportReporter -->
<testsuite hostname="DESKTOP-KMNS09Q" failures="0" tests="1" name="testcase.workingwithAlert" time="1.804" errors="0" timestamp="2022-12-12T11:40:43 ICT" skipped="0">
  <testcase classname="testcase.workingwithAlert" name="TC1" time="1.804"/>
  <system-out/>
</testsuite> <!-- testcase.workingwithAlert -->
