<?xml version="1.0" encoding="UTF-8"?>
<!-- Generated by org.testng.reporters.JUnitReportReporter -->
<testsuite hostname="DESKTOP-KMNS09Q" failures="0" tests="1" name="executionEngine.TestScript_Search" time="23.606" errors="0" timestamp="2023-01-10T12:04:11 ICT" skipped="0">
  <testcase classname="executionEngine.TestScript_Search" name="excute_TestCase" time="23.606"/>
  <system-out/>
</testsuite> <!-- executionEngine.TestScript_Search -->
