<?xml version="1.0" encoding="UTF-8"?>
<!-- Generated by org.testng.reporters.JUnitReportReporter -->
<testsuite hostname="DESKTOP-KMNS09Q" failures="0" tests="1" name="executionEngine.TestScript_Register_error" time="1.264" errors="0" timestamp="2023-01-10T11:46:01 ICT" skipped="0">
  <testcase classname="executionEngine.TestScript_Register_error" name="excute_TestCase" time="1.264"/>
  <system-out/>
</testsuite> <!-- executionEngine.TestScript_Register_error -->
