<?xml version="1.0" encoding="UTF-8"?>
<!-- Generated by org.testng.reporters.JUnitReportReporter -->
<testsuite hostname="DESKTOP-KMNS09Q" failures="0" tests="1" name="executionEngine.TestScript_Login2" time="14.624" errors="0" timestamp="2023-01-09T16:23:52 ICT" skipped="0">
  <testcase classname="executionEngine.TestScript_Login2" name="excute_TestCase1" time="14.624"/>
  <system-out>
Driver for Screenshot: ChromeDriver: chrome on WINDOWS (1e76481978b362142363217eb4c35151) Screenshot taken current URL: https://www.cqmart.vn/login?returnUrl=%2F  </system-out>
</testsuite> <!-- executionEngine.TestScript_Login2 -->
