<?xml version="1.0" encoding="UTF-8"?>
<!-- Generated by org.testng.reporters.JUnitReportReporter -->
<testsuite hostname="DESKTOP-KMNS09Q" failures="0" tests="1" name="executionEngine.TestScript_Login" time="25.461" errors="0" timestamp="2023-05-01T21:10:57 ICT" skipped="0">
  <testcase classname="executionEngine.TestScript_Login" name="execute_TestCase_login" time="25.461"/>
  <system-out>
    <![CDATA[Driver for Screenshot: ChromeDriver: chrome on WINDOWS (dd5c11aeacf959ae108a476117662305)
Screenshot taken current URL: https://accounts.simplilearn.com/user/login?redirect_url=https%3A%2F%2Flms.simplilearn.com%2F]]>
  </system-out>
</testsuite> <!-- executionEngine.TestScript_Login -->
